18-Jan-2019 11:05:18.496 严重 [localhost-startStop-1] org.apache.catalina.core.StandardContext.listenerStart Error configuring application listener of class [listeners.ContextListener]
 java.lang.ClassNotFoundException: listeners.ContextListener
	at org.apache.catalina.loader.WebappClassLoaderBase.loadClass(WebappClassLoaderBase.java:1344)
	at org.apache.catalina.loader.WebappClassLoaderBase.loadClass(WebappClassLoaderBase.java:1172)
	at org.apache.catalina.core.DefaultInstanceManager.loadClass(DefaultInstanceManager.java:546)
	at org.apache.catalina.core.DefaultInstanceManager.loadClassMaybePrivileged(DefaultInstanceManager.java:527)
	at org.apache.catalina.core.DefaultInstanceManager.newInstance(DefaultInstanceManager.java:150)
	at org.apache.catalina.core.StandardContext.listenerStart(StandardContext.java:4734)
	at org.apache.catalina.core.StandardContext.startInternal(StandardContext.java:5278)
	at org.apache.catalina.util.LifecycleBase.start(LifecycleBase.java:150)
	at org.apache.catalina.core.ContainerBase.addChildInternal(ContainerBase.java:754)
	at org.apache.catalina.core.ContainerBase.addChild(ContainerBase.java:730)
	at org.apache.catalina.core.StandardHost.addChild(StandardHost.java:734)
	at org.apache.catalina.startup.HostConfig.deployDirectory(HostConfig.java:1140)
	at org.apache.catalina.startup.HostConfig$DeployDirectory.run(HostConfig.java:1875)
	at java.util.concurrent.Executors$RunnableAdapter.call(Executors.java:511)
	at java.util.concurrent.FutureTask.run$$$capture(FutureTask.java:266)
	at java.util.concurrent.FutureTask.run(FutureTask.java)
	at java.util.concurrent.ThreadPoolExecutor.runWorker(ThreadPoolExecutor.java:1149)
	at java.util.concurrent.ThreadPoolExecutor$Worker.run(ThreadPoolExecutor.java:624)
	at java.lang.Thread.run(Thread.java:748)

18-Jan-2019 11:05:18.497 严重 [localhost-startStop-1] org.apache.catalina.core.StandardContext.listenerStart Error configuring application listener of class [listeners.SessionListener]
 java.lang.ClassNotFoundException: listeners.SessionListener
	at org.apache.catalina.loader.WebappClassLoaderBase.loadClass(WebappClassLoaderBase.java:1344)
	at org.apache.catalina.loader.WebappClassLoaderBase.loadClass(WebappClassLoaderBase.java:1172)
	at org.apache.catalina.core.DefaultInstanceManager.loadClass(DefaultInstanceManager.java:546)
	at org.apache.catalina.core.DefaultInstanceManager.loadClassMaybePrivileged(DefaultInstanceManager.java:527)
	at org.apache.catalina.core.DefaultInstanceManager.newInstance(DefaultInstanceManager.java:150)
	at org.apache.catalina.core.StandardContext.listenerStart(StandardContext.java:4734)
	at org.apache.catalina.core.StandardContext.startInternal(StandardContext.java:5278)
	at org.apache.catalina.util.LifecycleBase.start(LifecycleBase.java:150)
	at org.apache.catalina.core.ContainerBase.addChildInternal(ContainerBase.java:754)
	at org.apache.catalina.core.ContainerBase.addChild(ContainerBase.java:730)
	at org.apache.catalina.core.StandardHost.addChild(StandardHost.java:734)
	at org.apache.catalina.startup.HostConfig.deployDirectory(HostConfig.java:1140)
	at org.apache.catalina.startup.HostConfig$DeployDirectory.run(HostConfig.java:1875)
	at java.util.concurrent.Executors$RunnableAdapter.call(Executors.java:511)
	at java.util.concurrent.FutureTask.run$$$capture(FutureTask.java:266)
	at java.util.concurrent.FutureTask.run(FutureTask.java)
	at java.util.concurrent.ThreadPoolExecutor.runWorker(ThreadPoolExecutor.java:1149)
	at java.util.concurrent.ThreadPoolExecutor$Worker.run(ThreadPoolExecutor.java:624)
	at java.lang.Thread.run(Thread.java:748)

18-Jan-2019 11:05:18.498 严重 [localhost-startStop-1] org.apache.catalina.core.StandardContext.listenerStart Error configuring application listener of class [async.AsyncStockContextListener]
 java.lang.ClassNotFoundException: async.AsyncStockContextListener
	at org.apache.catalina.loader.WebappClassLoaderBase.loadClass(WebappClassLoaderBase.java:1344)
	at org.apache.catalina.loader.WebappClassLoaderBase.loadClass(WebappClassLoaderBase.java:1172)
	at org.apache.catalina.core.DefaultInstanceManager.loadClass(DefaultInstanceManager.java:546)
	at org.apache.catalina.core.DefaultInstanceManager.loadClassMaybePrivileged(DefaultInstanceManager.java:527)
	at org.apache.catalina.core.DefaultInstanceManager.newInstance(DefaultInstanceManager.java:150)
	at org.apache.catalina.core.StandardContext.listenerStart(StandardContext.java:4734)
	at org.apache.catalina.core.StandardContext.startInternal(StandardContext.java:5278)
	at org.apache.catalina.util.LifecycleBase.start(LifecycleBase.java:150)
	at org.apache.catalina.core.ContainerBase.addChildInternal(ContainerBase.java:754)
	at org.apache.catalina.core.ContainerBase.addChild(ContainerBase.java:730)
	at org.apache.catalina.core.StandardHost.addChild(StandardHost.java:734)
	at org.apache.catalina.startup.HostConfig.deployDirectory(HostConfig.java:1140)
	at org.apache.catalina.startup.HostConfig$DeployDirectory.run(HostConfig.java:1875)
	at java.util.concurrent.Executors$RunnableAdapter.call(Executors.java:511)
	at java.util.concurrent.FutureTask.run$$$capture(FutureTask.java:266)
	at java.util.concurrent.FutureTask.run(FutureTask.java)
	at java.util.concurrent.ThreadPoolExecutor.runWorker(ThreadPoolExecutor.java:1149)
	at java.util.concurrent.ThreadPoolExecutor$Worker.run(ThreadPoolExecutor.java:624)
	at java.lang.Thread.run(Thread.java:748)

18-Jan-2019 11:05:18.500 严重 [localhost-startStop-1] org.apache.catalina.core.StandardContext.listenerStart Error configuring application listener of class [websocket.drawboard.DrawboardContextListener]
 java.lang.ClassNotFoundException: websocket.drawboard.DrawboardContextListener
	at org.apache.catalina.loader.WebappClassLoaderBase.loadClass(WebappClassLoaderBase.java:1344)
	at org.apache.catalina.loader.WebappClassLoaderBase.loadClass(WebappClassLoaderBase.java:1172)
	at org.apache.catalina.core.DefaultInstanceManager.loadClass(DefaultInstanceManager.java:546)
	at org.apache.catalina.core.DefaultInstanceManager.loadClassMaybePrivileged(DefaultInstanceManager.java:527)
	at org.apache.catalina.core.DefaultInstanceManager.newInstance(DefaultInstanceManager.java:150)
	at org.apache.catalina.core.StandardContext.listenerStart(StandardContext.java:4734)
	at org.apache.catalina.core.StandardContext.startInternal(StandardContext.java:5278)
	at org.apache.catalina.util.LifecycleBase.start(LifecycleBase.java:150)
	at org.apache.catalina.core.ContainerBase.addChildInternal(ContainerBase.java:754)
	at org.apache.catalina.core.ContainerBase.addChild(ContainerBase.java:730)
	at org.apache.catalina.core.StandardHost.addChild(StandardHost.java:734)
	at org.apache.catalina.startup.HostConfig.deployDirectory(HostConfig.java:1140)
	at org.apache.catalina.startup.HostConfig$DeployDirectory.run(HostConfig.java:1875)
	at java.util.concurrent.Executors$RunnableAdapter.call(Executors.java:511)
	at java.util.concurrent.FutureTask.run$$$capture(FutureTask.java:266)
	at java.util.concurrent.FutureTask.run(FutureTask.java)
	at java.util.concurrent.ThreadPoolExecutor.runWorker(ThreadPoolExecutor.java:1149)
	at java.util.concurrent.ThreadPoolExecutor$Worker.run(ThreadPoolExecutor.java:624)
	at java.lang.Thread.run(Thread.java:748)

18-Jan-2019 11:05:18.500 严重 [localhost-startStop-1] org.apache.catalina.core.StandardContext.listenerStart Skipped installing application listeners due to previous error(s)
18-Jan-2019 11:05:20.227 严重 [http-nio-8080-exec-3] org.apache.catalina.core.StandardWrapperValve.invoke Servlet.service() for servlet [jsp] in context with path [] threw exception [Unable to compile class for JSP] with root cause
 java.lang.NullPointerException
	at org.apache.jasper.compiler.Validator$ValidateVisitor.<init>(Validator.java:523)
	at org.apache.jasper.compiler.Validator.validateExDirectives(Validator.java:1855)
	at org.apache.jasper.compiler.Compiler.generateJava(Compiler.java:220)
	at org.apache.jasper.compiler.Compiler.compile(Compiler.java:373)
	at org.apache.jasper.compiler.Compiler.compile(Compiler.java:350)
	at org.apache.jasper.compiler.Compiler.compile(Compiler.java:334)
	at org.apache.jasper.JspCompilationContext.compile(JspCompilationContext.java:595)
	at org.apache.jasper.servlet.JspServletWrapper.service(JspServletWrapper.java:399)
	at org.apache.jasper.servlet.JspServlet.serviceJspFile(JspServlet.java:386)
	at org.apache.jasper.servlet.JspServlet.service(JspServlet.java:330)
	at javax.servlet.http.HttpServlet.service(HttpServlet.java:742)
	at org.apache.catalina.core.ApplicationFilterChain.internalDoFilter(ApplicationFilterChain.java:231)
	at org.apache.catalina.core.ApplicationFilterChain.doFilter(ApplicationFilterChain.java:166)
	at org.apache.catalina.core.StandardWrapperValve.invoke(StandardWrapperValve.java:199)
	at org.apache.catalina.core.StandardContextValve.invoke(StandardContextValve.java:96)
	at org.apache.catalina.authenticator.AuthenticatorBase.invoke(AuthenticatorBase.java:493)
	at org.apache.catalina.core.StandardHostValve.invoke(StandardHostValve.java:140)
	at org.apache.catalina.valves.ErrorReportValve.invoke(ErrorReportValve.java:81)
	at org.apache.catalina.valves.AbstractAccessLogValve.invoke(AbstractAccessLogValve.java:650)
	at org.apache.catalina.core.StandardEngineValve.invoke(StandardEngineValve.java:87)
	at org.apache.catalina.connector.CoyoteAdapter.service(CoyoteAdapter.java:342)
	at org.apache.coyote.http11.Http11Processor.service(Http11Processor.java:800)
	at org.apache.coyote.AbstractProcessorLight.process(AbstractProcessorLight.java:66)
	at org.apache.coyote.AbstractProtocol$ConnectionHandler.process(AbstractProtocol.java:806)
	at org.apache.tomcat.util.net.NioEndpoint$SocketProcessor.doRun(NioEndpoint.java:1498)
	at org.apache.tomcat.util.net.SocketProcessorBase.run(SocketProcessorBase.java:49)
	at java.util.concurrent.ThreadPoolExecutor.runWorker(ThreadPoolExecutor.java:1149)
	at java.util.concurrent.ThreadPoolExecutor$Worker.run(ThreadPoolExecutor.java:624)
	at org.apache.tomcat.util.threads.TaskThread$WrappingRunnable.run(TaskThread.java:61)
	at java.lang.Thread.run(Thread.java:748)

18-Jan-2019 11:05:49.850 严重 [http-nio-8080-exec-5] org.apache.catalina.core.StandardWrapperValve.invoke Servlet.service() for servlet [jsp] in context with path [] threw exception [Unable to compile class for JSP] with root cause
 java.lang.NullPointerException
	at org.apache.jasper.compiler.Validator$ValidateVisitor.<init>(Validator.java:523)
	at org.apache.jasper.compiler.Validator.validateExDirectives(Validator.java:1855)
	at org.apache.jasper.compiler.Compiler.generateJava(Compiler.java:220)
	at org.apache.jasper.compiler.Compiler.compile(Compiler.java:373)
	at org.apache.jasper.compiler.Compiler.compile(Compiler.java:350)
	at org.apache.jasper.compiler.Compiler.compile(Compiler.java:334)
	at org.apache.jasper.JspCompilationContext.compile(JspCompilationContext.java:595)
	at org.apache.jasper.servlet.JspServletWrapper.service(JspServletWrapper.java:399)
	at org.apache.jasper.servlet.JspServlet.serviceJspFile(JspServlet.java:386)
	at org.apache.jasper.servlet.JspServlet.service(JspServlet.java:330)
	at javax.servlet.http.HttpServlet.service(HttpServlet.java:742)
	at org.apache.catalina.core.ApplicationFilterChain.internalDoFilter(ApplicationFilterChain.java:231)
	at org.apache.catalina.core.ApplicationFilterChain.doFilter(ApplicationFilterChain.java:166)
	at org.apache.catalina.core.StandardWrapperValve.invoke(StandardWrapperValve.java:199)
	at org.apache.catalina.core.StandardContextValve.invoke(StandardContextValve.java:96)
	at org.apache.catalina.authenticator.AuthenticatorBase.invoke(AuthenticatorBase.java:493)
	at org.apache.catalina.core.StandardHostValve.invoke(StandardHostValve.java:140)
	at org.apache.catalina.valves.ErrorReportValve.invoke(ErrorReportValve.java:81)
	at org.apache.catalina.valves.AbstractAccessLogValve.invoke(AbstractAccessLogValve.java:650)
	at org.apache.catalina.core.StandardEngineValve.invoke(StandardEngineValve.java:87)
	at org.apache.catalina.connector.CoyoteAdapter.service(CoyoteAdapter.java:342)
	at org.apache.coyote.http11.Http11Processor.service(Http11Processor.java:800)
	at org.apache.coyote.AbstractProcessorLight.process(AbstractProcessorLight.java:66)
	at org.apache.coyote.AbstractProtocol$ConnectionHandler.process(AbstractProtocol.java:806)
	at org.apache.tomcat.util.net.NioEndpoint$SocketProcessor.doRun(NioEndpoint.java:1498)
	at org.apache.tomcat.util.net.SocketProcessorBase.run(SocketProcessorBase.java:49)
	at java.util.concurrent.ThreadPoolExecutor.runWorker(ThreadPoolExecutor.java:1149)
	at java.util.concurrent.ThreadPoolExecutor$Worker.run(ThreadPoolExecutor.java:624)
	at org.apache.tomcat.util.threads.TaskThread$WrappingRunnable.run(TaskThread.java:61)
	at java.lang.Thread.run(Thread.java:748)

18-Jan-2019 11:06:30.998 严重 [localhost-startStop-1] org.apache.catalina.core.StandardContext.listenerStart Error configuring application listener of class [listeners.ContextListener]
 java.lang.ClassNotFoundException: listeners.ContextListener
	at org.apache.catalina.loader.WebappClassLoaderBase.loadClass(WebappClassLoaderBase.java:1344)
	at org.apache.catalina.loader.WebappClassLoaderBase.loadClass(WebappClassLoaderBase.java:1172)
	at org.apache.catalina.core.DefaultInstanceManager.loadClass(DefaultInstanceManager.java:546)
	at org.apache.catalina.core.DefaultInstanceManager.loadClassMaybePrivileged(DefaultInstanceManager.java:527)
	at org.apache.catalina.core.DefaultInstanceManager.newInstance(DefaultInstanceManager.java:150)
	at org.apache.catalina.core.StandardContext.listenerStart(StandardContext.java:4734)
	at org.apache.catalina.core.StandardContext.startInternal(StandardContext.java:5278)
	at org.apache.catalina.util.LifecycleBase.start(LifecycleBase.java:150)
	at org.apache.catalina.core.ContainerBase.addChildInternal(ContainerBase.java:754)
	at org.apache.catalina.core.ContainerBase.addChild(ContainerBase.java:730)
	at org.apache.catalina.core.StandardHost.addChild(StandardHost.java:734)
	at org.apache.catalina.startup.HostConfig.deployDirectory(HostConfig.java:1140)
	at org.apache.catalina.startup.HostConfig$DeployDirectory.run(HostConfig.java:1875)
	at java.util.concurrent.Executors$RunnableAdapter.call(Executors.java:511)
	at java.util.concurrent.FutureTask.run$$$capture(FutureTask.java:266)
	at java.util.concurrent.FutureTask.run(FutureTask.java)
	at java.util.concurrent.ThreadPoolExecutor.runWorker(ThreadPoolExecutor.java:1149)
	at java.util.concurrent.ThreadPoolExecutor$Worker.run(ThreadPoolExecutor.java:624)
	at java.lang.Thread.run(Thread.java:748)

18-Jan-2019 11:06:30.999 严重 [localhost-startStop-1] org.apache.catalina.core.StandardContext.listenerStart Error configuring application listener of class [listeners.SessionListener]
 java.lang.ClassNotFoundException: listeners.SessionListener
	at org.apache.catalina.loader.WebappClassLoaderBase.loadClass(WebappClassLoaderBase.java:1344)
	at org.apache.catalina.loader.WebappClassLoaderBase.loadClass(WebappClassLoaderBase.java:1172)
	at org.apache.catalina.core.DefaultInstanceManager.loadClass(DefaultInstanceManager.java:546)
	at org.apache.catalina.core.DefaultInstanceManager.loadClassMaybePrivileged(DefaultInstanceManager.java:527)
	at org.apache.catalina.core.DefaultInstanceManager.newInstance(DefaultInstanceManager.java:150)
	at org.apache.catalina.core.StandardContext.listenerStart(StandardContext.java:4734)
	at org.apache.catalina.core.StandardContext.startInternal(StandardContext.java:5278)
	at org.apache.catalina.util.LifecycleBase.start(LifecycleBase.java:150)
	at org.apache.catalina.core.ContainerBase.addChildInternal(ContainerBase.java:754)
	at org.apache.catalina.core.ContainerBase.addChild(ContainerBase.java:730)
	at org.apache.catalina.core.StandardHost.addChild(StandardHost.java:734)
	at org.apache.catalina.startup.HostConfig.deployDirectory(HostConfig.java:1140)
	at org.apache.catalina.startup.HostConfig$DeployDirectory.run(HostConfig.java:1875)
	at java.util.concurrent.Executors$RunnableAdapter.call(Executors.java:511)
	at java.util.concurrent.FutureTask.run$$$capture(FutureTask.java:266)
	at java.util.concurrent.FutureTask.run(FutureTask.java)
	at java.util.concurrent.ThreadPoolExecutor.runWorker(ThreadPoolExecutor.java:1149)
	at java.util.concurrent.ThreadPoolExecutor$Worker.run(ThreadPoolExecutor.java:624)
	at java.lang.Thread.run(Thread.java:748)

18-Jan-2019 11:06:31.000 严重 [localhost-startStop-1] org.apache.catalina.core.StandardContext.listenerStart Error configuring application listener of class [async.AsyncStockContextListener]
 java.lang.ClassNotFoundException: async.AsyncStockContextListener
	at org.apache.catalina.loader.WebappClassLoaderBase.loadClass(WebappClassLoaderBase.java:1344)
	at org.apache.catalina.loader.WebappClassLoaderBase.loadClass(WebappClassLoaderBase.java:1172)
	at org.apache.catalina.core.DefaultInstanceManager.loadClass(DefaultInstanceManager.java:546)
	at org.apache.catalina.core.DefaultInstanceManager.loadClassMaybePrivileged(DefaultInstanceManager.java:527)
	at org.apache.catalina.core.DefaultInstanceManager.newInstance(DefaultInstanceManager.java:150)
	at org.apache.catalina.core.StandardContext.listenerStart(StandardContext.java:4734)
	at org.apache.catalina.core.StandardContext.startInternal(StandardContext.java:5278)
	at org.apache.catalina.util.LifecycleBase.start(LifecycleBase.java:150)
	at org.apache.catalina.core.ContainerBase.addChildInternal(ContainerBase.java:754)
	at org.apache.catalina.core.ContainerBase.addChild(ContainerBase.java:730)
	at org.apache.catalina.core.StandardHost.addChild(StandardHost.java:734)
	at org.apache.catalina.startup.HostConfig.deployDirectory(HostConfig.java:1140)
	at org.apache.catalina.startup.HostConfig$DeployDirectory.run(HostConfig.java:1875)
	at java.util.concurrent.Executors$RunnableAdapter.call(Executors.java:511)
	at java.util.concurrent.FutureTask.run$$$capture(FutureTask.java:266)
	at java.util.concurrent.FutureTask.run(FutureTask.java)
	at java.util.concurrent.ThreadPoolExecutor.runWorker(ThreadPoolExecutor.java:1149)
	at java.util.concurrent.ThreadPoolExecutor$Worker.run(ThreadPoolExecutor.java:624)
	at java.lang.Thread.run(Thread.java:748)

18-Jan-2019 11:06:31.001 严重 [localhost-startStop-1] org.apache.catalina.core.StandardContext.listenerStart Error configuring application listener of class [websocket.drawboard.DrawboardContextListener]
 java.lang.ClassNotFoundException: websocket.drawboard.DrawboardContextListener
	at org.apache.catalina.loader.WebappClassLoaderBase.loadClass(WebappClassLoaderBase.java:1344)
	at org.apache.catalina.loader.WebappClassLoaderBase.loadClass(WebappClassLoaderBase.java:1172)
	at org.apache.catalina.core.DefaultInstanceManager.loadClass(DefaultInstanceManager.java:546)
	at org.apache.catalina.core.DefaultInstanceManager.loadClassMaybePrivileged(DefaultInstanceManager.java:527)
	at org.apache.catalina.core.DefaultInstanceManager.newInstance(DefaultInstanceManager.java:150)
	at org.apache.catalina.core.StandardContext.listenerStart(StandardContext.java:4734)
	at org.apache.catalina.core.StandardContext.startInternal(StandardContext.java:5278)
	at org.apache.catalina.util.LifecycleBase.start(LifecycleBase.java:150)
	at org.apache.catalina.core.ContainerBase.addChildInternal(ContainerBase.java:754)
	at org.apache.catalina.core.ContainerBase.addChild(ContainerBase.java:730)
	at org.apache.catalina.core.StandardHost.addChild(StandardHost.java:734)
	at org.apache.catalina.startup.HostConfig.deployDirectory(HostConfig.java:1140)
	at org.apache.catalina.startup.HostConfig$DeployDirectory.run(HostConfig.java:1875)
	at java.util.concurrent.Executors$RunnableAdapter.call(Executors.java:511)
	at java.util.concurrent.FutureTask.run$$$capture(FutureTask.java:266)
	at java.util.concurrent.FutureTask.run(FutureTask.java)
	at java.util.concurrent.ThreadPoolExecutor.runWorker(ThreadPoolExecutor.java:1149)
	at java.util.concurrent.ThreadPoolExecutor$Worker.run(ThreadPoolExecutor.java:624)
	at java.lang.Thread.run(Thread.java:748)

18-Jan-2019 11:06:31.001 严重 [localhost-startStop-1] org.apache.catalina.core.StandardContext.listenerStart Skipped installing application listeners due to previous error(s)
18-Jan-2019 11:06:34.783 严重 [http-nio-8080-exec-1] org.apache.catalina.core.StandardWrapperValve.invoke Servlet.service() for servlet [jsp] in context with path [] threw exception [Unable to compile class for JSP] with root cause
 java.lang.NullPointerException
	at org.apache.jasper.compiler.Validator$ValidateVisitor.<init>(Validator.java:523)
	at org.apache.jasper.compiler.Validator.validateExDirectives(Validator.java:1855)
	at org.apache.jasper.compiler.Compiler.generateJava(Compiler.java:220)
	at org.apache.jasper.compiler.Compiler.compile(Compiler.java:373)
	at org.apache.jasper.compiler.Compiler.compile(Compiler.java:350)
	at org.apache.jasper.compiler.Compiler.compile(Compiler.java:334)
	at org.apache.jasper.JspCompilationContext.compile(JspCompilationContext.java:595)
	at org.apache.jasper.servlet.JspServletWrapper.service(JspServletWrapper.java:399)
	at org.apache.jasper.servlet.JspServlet.serviceJspFile(JspServlet.java:386)
	at org.apache.jasper.servlet.JspServlet.service(JspServlet.java:330)
	at javax.servlet.http.HttpServlet.service(HttpServlet.java:742)
	at org.apache.catalina.core.ApplicationFilterChain.internalDoFilter(ApplicationFilterChain.java:231)
	at org.apache.catalina.core.ApplicationFilterChain.doFilter(ApplicationFilterChain.java:166)
	at org.apache.catalina.core.StandardWrapperValve.invoke(StandardWrapperValve.java:199)
	at org.apache.catalina.core.StandardContextValve.invoke(StandardContextValve.java:96)
	at org.apache.catalina.authenticator.AuthenticatorBase.invoke(AuthenticatorBase.java:493)
	at org.apache.catalina.core.StandardHostValve.invoke(StandardHostValve.java:140)
	at org.apache.catalina.valves.ErrorReportValve.invoke(ErrorReportValve.java:81)
	at org.apache.catalina.valves.AbstractAccessLogValve.invoke(AbstractAccessLogValve.java:650)
	at org.apache.catalina.core.StandardEngineValve.invoke(StandardEngineValve.java:87)
	at org.apache.catalina.connector.CoyoteAdapter.service(CoyoteAdapter.java:342)
	at org.apache.coyote.http11.Http11Processor.service(Http11Processor.java:800)
	at org.apache.coyote.AbstractProcessorLight.process(AbstractProcessorLight.java:66)
	at org.apache.coyote.AbstractProtocol$ConnectionHandler.process(AbstractProtocol.java:806)
	at org.apache.tomcat.util.net.NioEndpoint$SocketProcessor.doRun(NioEndpoint.java:1498)
	at org.apache.tomcat.util.net.SocketProcessorBase.run(SocketProcessorBase.java:49)
	at java.util.concurrent.ThreadPoolExecutor.runWorker(ThreadPoolExecutor.java:1149)
	at java.util.concurrent.ThreadPoolExecutor$Worker.run(ThreadPoolExecutor.java:624)
	at org.apache.tomcat.util.threads.TaskThread$WrappingRunnable.run(TaskThread.java:61)
	at java.lang.Thread.run(Thread.java:748)

18-Jan-2019 11:14:41.615 严重 [localhost-startStop-1] org.apache.catalina.core.StandardContext.listenerStart Error configuring application listener of class [listeners.ContextListener]
 java.lang.ClassNotFoundException: listeners.ContextListener
	at org.apache.catalina.loader.WebappClassLoaderBase.loadClass(WebappClassLoaderBase.java:1344)
	at org.apache.catalina.loader.WebappClassLoaderBase.loadClass(WebappClassLoaderBase.java:1172)
	at org.apache.catalina.core.DefaultInstanceManager.loadClass(DefaultInstanceManager.java:546)
	at org.apache.catalina.core.DefaultInstanceManager.loadClassMaybePrivileged(DefaultInstanceManager.java:527)
	at org.apache.catalina.core.DefaultInstanceManager.newInstance(DefaultInstanceManager.java:150)
	at org.apache.catalina.core.StandardContext.listenerStart(StandardContext.java:4734)
	at org.apache.catalina.core.StandardContext.startInternal(StandardContext.java:5278)
	at org.apache.catalina.util.LifecycleBase.start(LifecycleBase.java:150)
	at org.apache.catalina.core.ContainerBase.addChildInternal(ContainerBase.java:754)
	at org.apache.catalina.core.ContainerBase.addChild(ContainerBase.java:730)
	at org.apache.catalina.core.StandardHost.addChild(StandardHost.java:734)
	at org.apache.catalina.startup.HostConfig.deployDirectory(HostConfig.java:1140)
	at org.apache.catalina.startup.HostConfig$DeployDirectory.run(HostConfig.java:1875)
	at java.util.concurrent.Executors$RunnableAdapter.call(Executors.java:511)
	at java.util.concurrent.FutureTask.run$$$capture(FutureTask.java:266)
	at java.util.concurrent.FutureTask.run(FutureTask.java)
	at java.util.concurrent.ThreadPoolExecutor.runWorker(ThreadPoolExecutor.java:1149)
	at java.util.concurrent.ThreadPoolExecutor$Worker.run(ThreadPoolExecutor.java:624)
	at java.lang.Thread.run(Thread.java:748)

18-Jan-2019 11:14:41.616 严重 [localhost-startStop-1] org.apache.catalina.core.StandardContext.listenerStart Error configuring application listener of class [listeners.SessionListener]
 java.lang.ClassNotFoundException: listeners.SessionListener
	at org.apache.catalina.loader.WebappClassLoaderBase.loadClass(WebappClassLoaderBase.java:1344)
	at org.apache.catalina.loader.WebappClassLoaderBase.loadClass(WebappClassLoaderBase.java:1172)
	at org.apache.catalina.core.DefaultInstanceManager.loadClass(DefaultInstanceManager.java:546)
	at org.apache.catalina.core.DefaultInstanceManager.loadClassMaybePrivileged(DefaultInstanceManager.java:527)
	at org.apache.catalina.core.DefaultInstanceManager.newInstance(DefaultInstanceManager.java:150)
	at org.apache.catalina.core.StandardContext.listenerStart(StandardContext.java:4734)
	at org.apache.catalina.core.StandardContext.startInternal(StandardContext.java:5278)
	at org.apache.catalina.util.LifecycleBase.start(LifecycleBase.java:150)
	at org.apache.catalina.core.ContainerBase.addChildInternal(ContainerBase.java:754)
	at org.apache.catalina.core.ContainerBase.addChild(ContainerBase.java:730)
	at org.apache.catalina.core.StandardHost.addChild(StandardHost.java:734)
	at org.apache.catalina.startup.HostConfig.deployDirectory(HostConfig.java:1140)
	at org.apache.catalina.startup.HostConfig$DeployDirectory.run(HostConfig.java:1875)
	at java.util.concurrent.Executors$RunnableAdapter.call(Executors.java:511)
	at java.util.concurrent.FutureTask.run$$$capture(FutureTask.java:266)
	at java.util.concurrent.FutureTask.run(FutureTask.java)
	at java.util.concurrent.ThreadPoolExecutor.runWorker(ThreadPoolExecutor.java:1149)
	at java.util.concurrent.ThreadPoolExecutor$Worker.run(ThreadPoolExecutor.java:624)
	at java.lang.Thread.run(Thread.java:748)

18-Jan-2019 11:14:41.617 严重 [localhost-startStop-1] org.apache.catalina.core.StandardContext.listenerStart Error configuring application listener of class [async.AsyncStockContextListener]
 java.lang.ClassNotFoundException: async.AsyncStockContextListener
	at org.apache.catalina.loader.WebappClassLoaderBase.loadClass(WebappClassLoaderBase.java:1344)
	at org.apache.catalina.loader.WebappClassLoaderBase.loadClass(WebappClassLoaderBase.java:1172)
	at org.apache.catalina.core.DefaultInstanceManager.loadClass(DefaultInstanceManager.java:546)
	at org.apache.catalina.core.DefaultInstanceManager.loadClassMaybePrivileged(DefaultInstanceManager.java:527)
	at org.apache.catalina.core.DefaultInstanceManager.newInstance(DefaultInstanceManager.java:150)
	at org.apache.catalina.core.StandardContext.listenerStart(StandardContext.java:4734)
	at org.apache.catalina.core.StandardContext.startInternal(StandardContext.java:5278)
	at org.apache.catalina.util.LifecycleBase.start(LifecycleBase.java:150)
	at org.apache.catalina.core.ContainerBase.addChildInternal(ContainerBase.java:754)
	at org.apache.catalina.core.ContainerBase.addChild(ContainerBase.java:730)
	at org.apache.catalina.core.StandardHost.addChild(StandardHost.java:734)
	at org.apache.catalina.startup.HostConfig.deployDirectory(HostConfig.java:1140)
	at org.apache.catalina.startup.HostConfig$DeployDirectory.run(HostConfig.java:1875)
	at java.util.concurrent.Executors$RunnableAdapter.call(Executors.java:511)
	at java.util.concurrent.FutureTask.run$$$capture(FutureTask.java:266)
	at java.util.concurrent.FutureTask.run(FutureTask.java)
	at java.util.concurrent.ThreadPoolExecutor.runWorker(ThreadPoolExecutor.java:1149)
	at java.util.concurrent.ThreadPoolExecutor$Worker.run(ThreadPoolExecutor.java:624)
	at java.lang.Thread.run(Thread.java:748)

18-Jan-2019 11:14:41.618 严重 [localhost-startStop-1] org.apache.catalina.core.StandardContext.listenerStart Error configuring application listener of class [websocket.drawboard.DrawboardContextListener]
 java.lang.ClassNotFoundException: websocket.drawboard.DrawboardContextListener
	at org.apache.catalina.loader.WebappClassLoaderBase.loadClass(WebappClassLoaderBase.java:1344)
	at org.apache.catalina.loader.WebappClassLoaderBase.loadClass(WebappClassLoaderBase.java:1172)
	at org.apache.catalina.core.DefaultInstanceManager.loadClass(DefaultInstanceManager.java:546)
	at org.apache.catalina.core.DefaultInstanceManager.loadClassMaybePrivileged(DefaultInstanceManager.java:527)
	at org.apache.catalina.core.DefaultInstanceManager.newInstance(DefaultInstanceManager.java:150)
	at org.apache.catalina.core.StandardContext.listenerStart(StandardContext.java:4734)
	at org.apache.catalina.core.StandardContext.startInternal(StandardContext.java:5278)
	at org.apache.catalina.util.LifecycleBase.start(LifecycleBase.java:150)
	at org.apache.catalina.core.ContainerBase.addChildInternal(ContainerBase.java:754)
	at org.apache.catalina.core.ContainerBase.addChild(ContainerBase.java:730)
	at org.apache.catalina.core.StandardHost.addChild(StandardHost.java:734)
	at org.apache.catalina.startup.HostConfig.deployDirectory(HostConfig.java:1140)
	at org.apache.catalina.startup.HostConfig$DeployDirectory.run(HostConfig.java:1875)
	at java.util.concurrent.Executors$RunnableAdapter.call(Executors.java:511)
	at java.util.concurrent.FutureTask.run$$$capture(FutureTask.java:266)
	at java.util.concurrent.FutureTask.run(FutureTask.java)
	at java.util.concurrent.ThreadPoolExecutor.runWorker(ThreadPoolExecutor.java:1149)
	at java.util.concurrent.ThreadPoolExecutor$Worker.run(ThreadPoolExecutor.java:624)
	at java.lang.Thread.run(Thread.java:748)

18-Jan-2019 11:14:41.618 严重 [localhost-startStop-1] org.apache.catalina.core.StandardContext.listenerStart Skipped installing application listeners due to previous error(s)
18-Jan-2019 11:59:24.286 信息 [localhost-startStop-1] org.apache.catalina.core.ApplicationContext.log No Spring WebApplicationInitializer types detected on classpath
18-Jan-2019 11:59:27.730 信息 [localhost-startStop-1] org.apache.catalina.core.ApplicationContext.log No Spring WebApplicationInitializer types detected on classpath
18-Jan-2019 11:59:27.828 严重 [localhost-startStop-1] org.apache.catalina.core.StandardContext.listenerStart Error configuring application listener of class [listeners.ContextListener]
 java.lang.ClassNotFoundException: listeners.ContextListener
	at org.apache.catalina.loader.WebappClassLoaderBase.loadClass(WebappClassLoaderBase.java:1344)
	at org.apache.catalina.loader.WebappClassLoaderBase.loadClass(WebappClassLoaderBase.java:1172)
	at org.apache.catalina.core.DefaultInstanceManager.loadClass(DefaultInstanceManager.java:546)
	at org.apache.catalina.core.DefaultInstanceManager.loadClassMaybePrivileged(DefaultInstanceManager.java:527)
	at org.apache.catalina.core.DefaultInstanceManager.newInstance(DefaultInstanceManager.java:150)
	at org.apache.catalina.core.StandardContext.listenerStart(StandardContext.java:4734)
	at org.apache.catalina.core.StandardContext.startInternal(StandardContext.java:5278)
	at org.apache.catalina.util.LifecycleBase.start(LifecycleBase.java:150)
	at org.apache.catalina.core.ContainerBase.addChildInternal(ContainerBase.java:754)
	at org.apache.catalina.core.ContainerBase.addChild(ContainerBase.java:730)
	at org.apache.catalina.core.StandardHost.addChild(StandardHost.java:734)
	at org.apache.catalina.startup.HostConfig.deployDirectory(HostConfig.java:1140)
	at org.apache.catalina.startup.HostConfig$DeployDirectory.run(HostConfig.java:1875)
	at java.util.concurrent.Executors$RunnableAdapter.call(Executors.java:511)
	at java.util.concurrent.FutureTask.run$$$capture(FutureTask.java:266)
	at java.util.concurrent.FutureTask.run(FutureTask.java)
	at java.util.concurrent.ThreadPoolExecutor.runWorker(ThreadPoolExecutor.java:1149)
	at java.util.concurrent.ThreadPoolExecutor$Worker.run(ThreadPoolExecutor.java:624)
	at java.lang.Thread.run(Thread.java:748)

18-Jan-2019 11:59:27.829 严重 [localhost-startStop-1] org.apache.catalina.core.StandardContext.listenerStart Error configuring application listener of class [listeners.SessionListener]
 java.lang.ClassNotFoundException: listeners.SessionListener
	at org.apache.catalina.loader.WebappClassLoaderBase.loadClass(WebappClassLoaderBase.java:1344)
	at org.apache.catalina.loader.WebappClassLoaderBase.loadClass(WebappClassLoaderBase.java:1172)
	at org.apache.catalina.core.DefaultInstanceManager.loadClass(DefaultInstanceManager.java:546)
	at org.apache.catalina.core.DefaultInstanceManager.loadClassMaybePrivileged(DefaultInstanceManager.java:527)
	at org.apache.catalina.core.DefaultInstanceManager.newInstance(DefaultInstanceManager.java:150)
	at org.apache.catalina.core.StandardContext.listenerStart(StandardContext.java:4734)
	at org.apache.catalina.core.StandardContext.startInternal(StandardContext.java:5278)
	at org.apache.catalina.util.LifecycleBase.start(LifecycleBase.java:150)
	at org.apache.catalina.core.ContainerBase.addChildInternal(ContainerBase.java:754)
	at org.apache.catalina.core.ContainerBase.addChild(ContainerBase.java:730)
	at org.apache.catalina.core.StandardHost.addChild(StandardHost.java:734)
	at org.apache.catalina.startup.HostConfig.deployDirectory(HostConfig.java:1140)
	at org.apache.catalina.startup.HostConfig$DeployDirectory.run(HostConfig.java:1875)
	at java.util.concurrent.Executors$RunnableAdapter.call(Executors.java:511)
	at java.util.concurrent.FutureTask.run$$$capture(FutureTask.java:266)
	at java.util.concurrent.FutureTask.run(FutureTask.java)
	at java.util.concurrent.ThreadPoolExecutor.runWorker(ThreadPoolExecutor.java:1149)
	at java.util.concurrent.ThreadPoolExecutor$Worker.run(ThreadPoolExecutor.java:624)
	at java.lang.Thread.run(Thread.java:748)

18-Jan-2019 11:59:27.830 严重 [localhost-startStop-1] org.apache.catalina.core.StandardContext.listenerStart Error configuring application listener of class [async.AsyncStockContextListener]
 java.lang.ClassNotFoundException: async.AsyncStockContextListener
	at org.apache.catalina.loader.WebappClassLoaderBase.loadClass(WebappClassLoaderBase.java:1344)
	at org.apache.catalina.loader.WebappClassLoaderBase.loadClass(WebappClassLoaderBase.java:1172)
	at org.apache.catalina.core.DefaultInstanceManager.loadClass(DefaultInstanceManager.java:546)
	at org.apache.catalina.core.DefaultInstanceManager.loadClassMaybePrivileged(DefaultInstanceManager.java:527)
	at org.apache.catalina.core.DefaultInstanceManager.newInstance(DefaultInstanceManager.java:150)
	at org.apache.catalina.core.StandardContext.listenerStart(StandardContext.java:4734)
	at org.apache.catalina.core.StandardContext.startInternal(StandardContext.java:5278)
	at org.apache.catalina.util.LifecycleBase.start(LifecycleBase.java:150)
	at org.apache.catalina.core.ContainerBase.addChildInternal(ContainerBase.java:754)
	at org.apache.catalina.core.ContainerBase.addChild(ContainerBase.java:730)
	at org.apache.catalina.core.StandardHost.addChild(StandardHost.java:734)
	at org.apache.catalina.startup.HostConfig.deployDirectory(HostConfig.java:1140)
	at org.apache.catalina.startup.HostConfig$DeployDirectory.run(HostConfig.java:1875)
	at java.util.concurrent.Executors$RunnableAdapter.call(Executors.java:511)
	at java.util.concurrent.FutureTask.run$$$capture(FutureTask.java:266)
	at java.util.concurrent.FutureTask.run(FutureTask.java)
	at java.util.concurrent.ThreadPoolExecutor.runWorker(ThreadPoolExecutor.java:1149)
	at java.util.concurrent.ThreadPoolExecutor$Worker.run(ThreadPoolExecutor.java:624)
	at java.lang.Thread.run(Thread.java:748)

18-Jan-2019 11:59:27.831 严重 [localhost-startStop-1] org.apache.catalina.core.StandardContext.listenerStart Error configuring application listener of class [websocket.drawboard.DrawboardContextListener]
 java.lang.ClassNotFoundException: websocket.drawboard.DrawboardContextListener
	at org.apache.catalina.loader.WebappClassLoaderBase.loadClass(WebappClassLoaderBase.java:1344)
	at org.apache.catalina.loader.WebappClassLoaderBase.loadClass(WebappClassLoaderBase.java:1172)
	at org.apache.catalina.core.DefaultInstanceManager.loadClass(DefaultInstanceManager.java:546)
	at org.apache.catalina.core.DefaultInstanceManager.loadClassMaybePrivileged(DefaultInstanceManager.java:527)
	at org.apache.catalina.core.DefaultInstanceManager.newInstance(DefaultInstanceManager.java:150)
	at org.apache.catalina.core.StandardContext.listenerStart(StandardContext.java:4734)
	at org.apache.catalina.core.StandardContext.startInternal(StandardContext.java:5278)
	at org.apache.catalina.util.LifecycleBase.start(LifecycleBase.java:150)
	at org.apache.catalina.core.ContainerBase.addChildInternal(ContainerBase.java:754)
	at org.apache.catalina.core.ContainerBase.addChild(ContainerBase.java:730)
	at org.apache.catalina.core.StandardHost.addChild(StandardHost.java:734)
	at org.apache.catalina.startup.HostConfig.deployDirectory(HostConfig.java:1140)
	at org.apache.catalina.startup.HostConfig$DeployDirectory.run(HostConfig.java:1875)
	at java.util.concurrent.Executors$RunnableAdapter.call(Executors.java:511)
	at java.util.concurrent.FutureTask.run$$$capture(FutureTask.java:266)
	at java.util.concurrent.FutureTask.run(FutureTask.java)
	at java.util.concurrent.ThreadPoolExecutor.runWorker(ThreadPoolExecutor.java:1149)
	at java.util.concurrent.ThreadPoolExecutor$Worker.run(ThreadPoolExecutor.java:624)
	at java.lang.Thread.run(Thread.java:748)

18-Jan-2019 11:59:27.831 严重 [localhost-startStop-1] org.apache.catalina.core.StandardContext.listenerStart Skipped installing application listeners due to previous error(s)
18-Jan-2019 11:59:36.885 信息 [localhost-startStop-1] org.apache.catalina.core.ApplicationContext.log No Spring WebApplicationInitializer types detected on classpath
18-Jan-2019 11:59:36.950 信息 [localhost-startStop-1] org.apache.catalina.core.ApplicationContext.log Initializing Spring root WebApplicationContext
18-Jan-2019 11:59:37.063 严重 [localhost-startStop-1] org.apache.catalina.core.StandardContext.listenerStart Exception sending context initialized event to listener instance of class [org.springframework.web.context.ContextLoaderListener]
 org.springframework.beans.factory.BeanDefinitionStoreException: IOException parsing XML document from class path resource [servlet-springmvc.xml]; nested exception is java.io.FileNotFoundException: class path resource [servlet-springmvc.xml] cannot be opened because it does not exist
	at org.springframework.beans.factory.xml.XmlBeanDefinitionReader.loadBeanDefinitions(XmlBeanDefinitionReader.java:344)
	at org.springframework.beans.factory.xml.XmlBeanDefinitionReader.loadBeanDefinitions(XmlBeanDefinitionReader.java:304)
	at org.springframework.beans.factory.support.AbstractBeanDefinitionReader.loadBeanDefinitions(AbstractBeanDefinitionReader.java:181)
	at org.springframework.beans.factory.support.AbstractBeanDefinitionReader.loadBeanDefinitions(AbstractBeanDefinitionReader.java:217)
	at org.springframework.beans.factory.support.AbstractBeanDefinitionReader.loadBeanDefinitions(AbstractBeanDefinitionReader.java:188)
	at org.springframework.web.context.support.XmlWebApplicationContext.loadBeanDefinitions(XmlWebApplicationContext.java:125)
	at org.springframework.web.context.support.XmlWebApplicationContext.loadBeanDefinitions(XmlWebApplicationContext.java:94)
	at org.springframework.context.support.AbstractRefreshableApplicationContext.refreshBeanFactory(AbstractRefreshableApplicationContext.java:129)
	at org.springframework.context.support.AbstractApplicationContext.obtainFreshBeanFactory(AbstractApplicationContext.java:537)
	at org.springframework.context.support.AbstractApplicationContext.refresh(AbstractApplicationContext.java:452)
	at org.springframework.web.context.ContextLoader.configureAndRefreshWebApplicationContext(ContextLoader.java:403)
	at org.springframework.web.context.ContextLoader.initWebApplicationContext(ContextLoader.java:306)
	at org.springframework.web.context.ContextLoaderListener.contextInitialized(ContextLoaderListener.java:106)
	at org.apache.catalina.core.StandardContext.listenerStart(StandardContext.java:4812)
	at org.apache.catalina.core.StandardContext.startInternal(StandardContext.java:5278)
	at org.apache.catalina.util.LifecycleBase.start(LifecycleBase.java:150)
	at org.apache.catalina.core.ContainerBase.addChildInternal(ContainerBase.java:754)
	at org.apache.catalina.core.ContainerBase.addChild(ContainerBase.java:730)
	at org.apache.catalina.core.StandardHost.addChild(StandardHost.java:734)
	at org.apache.catalina.startup.HostConfig.deployDirectory(HostConfig.java:1140)
	at org.apache.catalina.startup.HostConfig$DeployDirectory.run(HostConfig.java:1875)
	at java.util.concurrent.Executors$RunnableAdapter.call(Executors.java:511)
	at java.util.concurrent.FutureTask.run$$$capture(FutureTask.java:266)
	at java.util.concurrent.FutureTask.run(FutureTask.java)
	at java.util.concurrent.ThreadPoolExecutor.runWorker(ThreadPoolExecutor.java:1149)
	at java.util.concurrent.ThreadPoolExecutor$Worker.run(ThreadPoolExecutor.java:624)
	at java.lang.Thread.run(Thread.java:748)
Caused by: java.io.FileNotFoundException: class path resource [servlet-springmvc.xml] cannot be opened because it does not exist
	at org.springframework.core.io.ClassPathResource.getInputStream(ClassPathResource.java:172)
	at org.springframework.beans.factory.xml.XmlBeanDefinitionReader.loadBeanDefinitions(XmlBeanDefinitionReader.java:330)
	... 26 more

18-Jan-2019 11:59:37.063 信息 [localhost-startStop-1] org.apache.catalina.core.ApplicationContext.log Closing Spring root WebApplicationContext
18-Jan-2019 11:59:37.066 严重 [localhost-startStop-1] org.apache.catalina.core.StandardContext.listenerStop Exception sending context destroyed event to listener instance of class [org.springframework.web.context.ContextLoaderListener]
 java.lang.IllegalStateException: BeanFactory not initialized or already closed - call 'refresh' before accessing beans via the ApplicationContext
	at org.springframework.context.support.AbstractRefreshableApplicationContext.getBeanFactory(AbstractRefreshableApplicationContext.java:170)
	at org.springframework.context.support.AbstractApplicationContext.destroyBeans(AbstractApplicationContext.java:908)
	at org.springframework.context.support.AbstractApplicationContext.doClose(AbstractApplicationContext.java:884)
	at org.springframework.context.support.AbstractApplicationContext.close(AbstractApplicationContext.java:836)
	at org.springframework.web.context.ContextLoader.closeWebApplicationContext(ContextLoader.java:579)
	at org.springframework.web.context.ContextLoaderListener.contextDestroyed(ContextLoaderListener.java:115)
	at org.apache.catalina.core.StandardContext.listenerStop(StandardContext.java:4859)
	at org.apache.catalina.core.StandardContext.stopInternal(StandardContext.java:5500)
	at org.apache.catalina.util.LifecycleBase.stop(LifecycleBase.java:226)
	at org.apache.catalina.util.LifecycleBase.start(LifecycleBase.java:154)
	at org.apache.catalina.core.ContainerBase.addChildInternal(ContainerBase.java:754)
	at org.apache.catalina.core.ContainerBase.addChild(ContainerBase.java:730)
	at org.apache.catalina.core.StandardHost.addChild(StandardHost.java:734)
	at org.apache.catalina.startup.HostConfig.deployDirectory(HostConfig.java:1140)
	at org.apache.catalina.startup.HostConfig$DeployDirectory.run(HostConfig.java:1875)
	at java.util.concurrent.Executors$RunnableAdapter.call(Executors.java:511)
	at java.util.concurrent.FutureTask.run$$$capture(FutureTask.java:266)
	at java.util.concurrent.FutureTask.run(FutureTask.java)
	at java.util.concurrent.ThreadPoolExecutor.runWorker(ThreadPoolExecutor.java:1149)
	at java.util.concurrent.ThreadPoolExecutor$Worker.run(ThreadPoolExecutor.java:624)
	at java.lang.Thread.run(Thread.java:748)

